2026-01-02 01:28:58,728 - INFO - Starting data fetch cycle...
2026-01-02 01:28:59,781 - ERROR - Failed to get ticker 'RELIANCE.NS' reason: Expecting value: line 1 column 1 (char 0)
2026-01-02 01:29:00,237 - ERROR - 
1 Failed download:
2026-01-02 01:29:00,237 - ERROR - ['RELIANCE.NS']: Exception('%ticker%: No price data found, symbol may be delisted (period=1d)')
2026-01-02 01:29:00,237 - WARNING - No data returned for RELIANCE.NS
2026-01-02 01:29:00,237 - WARNING - No data to insert for RELIANCE.NS
2026-01-02 01:29:00,653 - ERROR - Failed to get ticker 'HDFCBANK.NS' reason: Expecting value: line 1 column 1 (char 0)
2026-01-02 01:29:01,086 - ERROR - 
1 Failed download:
2026-01-02 01:29:01,086 - ERROR - ['HDFCBANK.NS']: Exception('%ticker%: No price data found, symbol may be delisted (period=1d)')
2026-01-02 01:29:01,086 - WARNING - No data returned for HDFCBANK.NS
2026-01-02 01:29:01,086 - WARNING - No data to insert for HDFCBANK.NS
2026-01-02 01:29:01,545 - ERROR - Failed to get ticker 'ICICIBANK.NS' reason: Expecting value: line 1 column 1 (char 0)
2026-01-02 01:29:02,037 - ERROR - 
1 Failed download:
2026-01-02 01:29:02,037 - ERROR - ['ICICIBANK.NS']: Exception('%ticker%: No price data found, symbol may be delisted (period=1d)')
2026-01-02 01:29:02,037 - WARNING - No data returned for ICICIBANK.NS
2026-01-02 01:29:02,037 - WARNING - No data to insert for ICICIBANK.NS
2026-01-02 01:29:02,508 - ERROR - Failed to get ticker 'INFY.NS' reason: Expecting value: line 1 column 1 (char 0)
2026-01-02 01:29:02,938 - ERROR - 
1 Failed download:
2026-01-02 01:29:02,939 - ERROR - ['INFY.NS']: Exception('%ticker%: No price data found, symbol may be delisted (period=1d)')
2026-01-02 01:29:02,939 - WARNING - No data returned for INFY.NS
2026-01-02 01:29:02,939 - WARNING - No data to insert for INFY.NS
2026-01-02 01:29:03,386 - ERROR - Failed to get ticker 'TCS.NS' reason: Expecting value: line 1 column 1 (char 0)
2026-01-02 01:29:03,841 - ERROR - 
1 Failed download:
2026-01-02 01:29:03,841 - ERROR - ['TCS.NS']: Exception('%ticker%: No price data found, symbol may be delisted (period=1d)')
2026-01-02 01:29:03,841 - WARNING - No data returned for TCS.NS
2026-01-02 01:29:03,841 - WARNING - No data to insert for TCS.NS
2026-01-02 01:29:04,390 - ERROR - Failed to get ticker 'ITC.NS' reason: Expecting value: line 1 column 1 (char 0)
2026-01-02 01:29:04,833 - ERROR - 
1 Failed download:
2026-01-02 01:29:04,833 - ERROR - ['ITC.NS']: Exception('%ticker%: No price data found, symbol may be delisted (period=1d)')
2026-01-02 01:29:04,833 - WARNING - No data returned for ITC.NS
2026-01-02 01:29:04,833 - WARNING - No data to insert for ITC.NS
2026-01-02 01:29:05,296 - ERROR - Failed to get ticker 'HINDUNILVR.NS' reason: Expecting value: line 1 column 1 (char 0)
2026-01-02 01:29:05,714 - ERROR - 
1 Failed download:
2026-01-02 01:29:05,715 - ERROR - ['HINDUNILVR.NS']: Exception('%ticker%: No price data found, symbol may be delisted (period=1d)')
2026-01-02 01:29:05,715 - WARNING - No data returned for HINDUNILVR.NS
2026-01-02 01:29:05,715 - WARNING - No data to insert for HINDUNILVR.NS
2026-01-02 01:29:06,120 - ERROR - Failed to get ticker 'SBIN.NS' reason: Expecting value: line 1 column 1 (char 0)
2026-01-02 01:29:06,545 - ERROR - 
1 Failed download:
2026-01-02 01:29:06,545 - ERROR - ['SBIN.NS']: Exception('%ticker%: No price data found, symbol may be delisted (period=1d)')
2026-01-02 01:29:06,545 - WARNING - No data returned for SBIN.NS
2026-01-02 01:29:06,546 - WARNING - No data to insert for SBIN.NS
2026-01-02 01:29:06,946 - ERROR - Failed to get ticker 'BHARTIARTL.NS' reason: Expecting value: line 1 column 1 (char 0)
2026-01-02 01:29:07,424 - ERROR - 
1 Failed download:
2026-01-02 01:29:07,424 - ERROR - ['BHARTIARTL.NS']: Exception('%ticker%: No price data found, symbol may be delisted (period=1d)')
2026-01-02 01:29:07,424 - WARNING - No data returned for BHARTIARTL.NS
2026-01-02 01:29:07,424 - WARNING - No data to insert for BHARTIARTL.NS
2026-01-02 01:29:07,917 - ERROR - Failed to get ticker 'KOTAKBANK.NS' reason: Expecting value: line 1 column 1 (char 0)
2026-01-02 01:29:08,377 - ERROR - 
1 Failed download:
2026-01-02 01:29:08,378 - ERROR - ['KOTAKBANK.NS']: Exception('%ticker%: No price data found, symbol may be delisted (period=1d)')
2026-01-02 01:29:08,378 - WARNING - No data returned for KOTAKBANK.NS
2026-01-02 01:29:08,378 - WARNING - No data to insert for KOTAKBANK.NS
2026-01-02 01:29:08,860 - ERROR - Failed to get ticker 'LT.NS' reason: Expecting value: line 1 column 1 (char 0)
2026-01-02 01:29:09,268 - ERROR - 
1 Failed download:
2026-01-02 01:29:09,269 - ERROR - ['LT.NS']: Exception('%ticker%: No price data found, symbol may be delisted (period=1d)')
2026-01-02 01:29:09,269 - WARNING - No data returned for LT.NS
2026-01-02 01:29:09,269 - WARNING - No data to insert for LT.NS
2026-01-02 01:29:09,672 - ERROR - Failed to get ticker 'AXISBANK.NS' reason: Expecting value: line 1 column 1 (char 0)
2026-01-02 01:29:10,159 - ERROR - 
1 Failed download:
2026-01-02 01:29:10,159 - ERROR - ['AXISBANK.NS']: Exception('%ticker%: No price data found, symbol may be delisted (period=1d)')
2026-01-02 01:29:10,159 - WARNING - No data returned for AXISBANK.NS
2026-01-02 01:29:10,159 - WARNING - No data to insert for AXISBANK.NS
2026-01-02 01:29:10,562 - ERROR - Failed to get ticker 'BAJFINANCE.NS' reason: Expecting value: line 1 column 1 (char 0)
2026-01-02 01:29:11,070 - ERROR - 
1 Failed download:
2026-01-02 01:29:11,070 - ERROR - ['BAJFINANCE.NS']: Exception('%ticker%: No price data found, symbol may be delisted (period=1d)')
2026-01-02 01:29:11,070 - WARNING - No data returned for BAJFINANCE.NS
2026-01-02 01:29:11,070 - WARNING - No data to insert for BAJFINANCE.NS
2026-01-02 01:29:11,535 - ERROR - Failed to get ticker 'ASIANPAINT.NS' reason: Expecting value: line 1 column 1 (char 0)
2026-01-02 01:29:11,930 - ERROR - 
1 Failed download:
2026-01-02 01:29:11,931 - ERROR - ['ASIANPAINT.NS']: Exception('%ticker%: No price data found, symbol may be delisted (period=1d)')
2026-01-02 01:29:11,931 - WARNING - No data returned for ASIANPAINT.NS
2026-01-02 01:29:11,931 - WARNING - No data to insert for ASIANPAINT.NS
2026-01-02 01:29:12,345 - ERROR - Failed to get ticker 'MARUTI.NS' reason: Expecting value: line 1 column 1 (char 0)
2026-01-02 01:29:12,803 - ERROR - 
1 Failed download:
2026-01-02 01:29:12,803 - ERROR - ['MARUTI.NS']: Exception('%ticker%: No price data found, symbol may be delisted (period=1d)')
2026-01-02 01:29:12,804 - WARNING - No data returned for MARUTI.NS
2026-01-02 01:29:12,804 - WARNING - No data to insert for MARUTI.NS
2026-01-02 01:29:13,224 - ERROR - Failed to get ticker 'SUNPHARMA.NS' reason: Expecting value: line 1 column 1 (char 0)
2026-01-02 01:29:13,694 - ERROR - 
1 Failed download:
2026-01-02 01:29:13,694 - ERROR - ['SUNPHARMA.NS']: Exception('%ticker%: No price data found, symbol may be delisted (period=1d)')
2026-01-02 01:29:13,694 - WARNING - No data returned for SUNPHARMA.NS
2026-01-02 01:29:13,694 - WARNING - No data to insert for SUNPHARMA.NS
2026-01-02 01:29:14,120 - ERROR - Failed to get ticker 'WIPRO.NS' reason: Expecting value: line 1 column 1 (char 0)
2026-01-02 01:29:14,515 - ERROR - 
1 Failed download:
2026-01-02 01:29:14,515 - ERROR - ['WIPRO.NS']: Exception('%ticker%: No price data found, symbol may be delisted (period=1d)')
2026-01-02 01:29:14,515 - WARNING - No data returned for WIPRO.NS
2026-01-02 01:29:14,515 - WARNING - No data to insert for WIPRO.NS
2026-01-02 01:29:14,895 - ERROR - Failed to get ticker 'POWERGRID.NS' reason: Expecting value: line 1 column 1 (char 0)
2026-01-02 01:29:15,335 - ERROR - 
1 Failed download:
2026-01-02 01:29:15,335 - ERROR - ['POWERGRID.NS']: Exception('%ticker%: No price data found, symbol may be delisted (period=1d)')
2026-01-02 01:29:15,335 - WARNING - No data returned for POWERGRID.NS
2026-01-02 01:29:15,335 - WARNING - No data to insert for POWERGRID.NS
2026-01-02 01:29:15,815 - ERROR - Failed to get ticker 'NTPC.NS' reason: Expecting value: line 1 column 1 (char 0)
2026-01-02 01:29:16,209 - ERROR - 
1 Failed download:
2026-01-02 01:29:16,210 - ERROR - ['NTPC.NS']: Exception('%ticker%: No price data found, symbol may be delisted (period=1d)')
2026-01-02 01:29:16,210 - WARNING - No data returned for NTPC.NS
2026-01-02 01:29:16,210 - WARNING - No data to insert for NTPC.NS
2026-01-02 01:29:16,727 - ERROR - Failed to get ticker 'ONGC.NS' reason: Expecting value: line 1 column 1 (char 0)
2026-01-02 01:29:17,140 - ERROR - 
1 Failed download:
2026-01-02 01:29:17,140 - ERROR - ['ONGC.NS']: Exception('%ticker%: No price data found, symbol may be delisted (period=1d)')
2026-01-02 01:29:17,140 - WARNING - No data returned for ONGC.NS
2026-01-02 01:29:17,140 - WARNING - No data to insert for ONGC.NS
2026-01-02 01:29:17,153 - INFO - Cycle complete. README updated.
2026-01-02 04:05:13,933 - INFO - Starting data fetch cycle...
2026-01-02 04:05:14,558 - ERROR - Failed to get ticker 'RELIANCE.NS' reason: Expecting value: line 1 column 1 (char 0)
2026-01-02 04:05:14,822 - ERROR - 
1 Failed download:
2026-01-02 04:05:14,822 - ERROR - ['RELIANCE.NS']: Exception('%ticker%: No price data found, symbol may be delisted (period=1d)')
2026-01-02 04:05:14,823 - WARNING - No data returned for RELIANCE.NS
2026-01-02 04:05:14,823 - WARNING - No data to insert for RELIANCE.NS
2026-01-02 04:05:15,059 - ERROR - Failed to get ticker 'HDFCBANK.NS' reason: Expecting value: line 1 column 1 (char 0)
2026-01-02 04:05:15,328 - ERROR - 
1 Failed download:
2026-01-02 04:05:15,328 - ERROR - ['HDFCBANK.NS']: Exception('%ticker%: No price data found, symbol may be delisted (period=1d)')
2026-01-02 04:05:15,328 - WARNING - No data returned for HDFCBANK.NS
2026-01-02 04:05:15,328 - WARNING - No data to insert for HDFCBANK.NS
2026-01-02 04:05:15,582 - ERROR - Failed to get ticker 'ICICIBANK.NS' reason: Expecting value: line 1 column 1 (char 0)
2026-01-02 04:05:15,835 - ERROR - 
1 Failed download:
2026-01-02 04:05:15,835 - ERROR - ['ICICIBANK.NS']: Exception('%ticker%: No price data found, symbol may be delisted (period=1d)')
2026-01-02 04:05:15,835 - WARNING - No data returned for ICICIBANK.NS
2026-01-02 04:05:15,835 - WARNING - No data to insert for ICICIBANK.NS
2026-01-02 04:05:16,089 - ERROR - Failed to get ticker 'INFY.NS' reason: Expecting value: line 1 column 1 (char 0)
2026-01-02 04:05:16,353 - ERROR - 
1 Failed download:
2026-01-02 04:05:16,353 - ERROR - ['INFY.NS']: Exception('%ticker%: No price data found, symbol may be delisted (period=1d)')
2026-01-02 04:05:16,353 - WARNING - No data returned for INFY.NS
2026-01-02 04:05:16,353 - WARNING - No data to insert for INFY.NS
2026-01-02 04:05:16,603 - ERROR - Failed to get ticker 'TCS.NS' reason: Expecting value: line 1 column 1 (char 0)
2026-01-02 04:05:16,869 - ERROR - 
1 Failed download:
2026-01-02 04:05:16,869 - ERROR - ['TCS.NS']: Exception('%ticker%: No price data found, symbol may be delisted (period=1d)')
2026-01-02 04:05:16,869 - WARNING - No data returned for TCS.NS
2026-01-02 04:05:16,869 - WARNING - No data to insert for TCS.NS
2026-01-02 04:05:17,123 - ERROR - Failed to get ticker 'ITC.NS' reason: Expecting value: line 1 column 1 (char 0)
2026-01-02 04:05:17,385 - ERROR - 
1 Failed download:
2026-01-02 04:05:17,386 - ERROR - ['ITC.NS']: Exception('%ticker%: No price data found, symbol may be delisted (period=1d)')
2026-01-02 04:05:17,386 - WARNING - No data returned for ITC.NS
2026-01-02 04:05:17,386 - WARNING - No data to insert for ITC.NS
2026-01-02 04:05:17,643 - ERROR - Failed to get ticker 'HINDUNILVR.NS' reason: Expecting value: line 1 column 1 (char 0)
2026-01-02 04:05:17,914 - ERROR - 
1 Failed download:
2026-01-02 04:05:17,914 - ERROR - ['HINDUNILVR.NS']: Exception('%ticker%: No price data found, symbol may be delisted (period=1d)')
2026-01-02 04:05:17,914 - WARNING - No data returned for HINDUNILVR.NS
2026-01-02 04:05:17,914 - WARNING - No data to insert for HINDUNILVR.NS
2026-01-02 04:05:18,167 - ERROR - Failed to get ticker 'SBIN.NS' reason: Expecting value: line 1 column 1 (char 0)
2026-01-02 04:05:18,429 - ERROR - 
1 Failed download:
2026-01-02 04:05:18,429 - ERROR - ['SBIN.NS']: Exception('%ticker%: No price data found, symbol may be delisted (period=1d)')
2026-01-02 04:05:18,429 - WARNING - No data returned for SBIN.NS
2026-01-02 04:05:18,429 - WARNING - No data to insert for SBIN.NS
2026-01-02 04:05:18,704 - ERROR - Failed to get ticker 'BHARTIARTL.NS' reason: Expecting value: line 1 column 1 (char 0)
2026-01-02 04:05:18,967 - ERROR - 
1 Failed download:
2026-01-02 04:05:18,968 - ERROR - ['BHARTIARTL.NS']: Exception('%ticker%: No price data found, symbol may be delisted (period=1d)')
2026-01-02 04:05:18,968 - WARNING - No data returned for BHARTIARTL.NS
2026-01-02 04:05:18,968 - WARNING - No data to insert for BHARTIARTL.NS
2026-01-02 04:05:19,222 - ERROR - Failed to get ticker 'KOTAKBANK.NS' reason: Expecting value: line 1 column 1 (char 0)
2026-01-02 04:05:19,475 - ERROR - 
1 Failed download:
2026-01-02 04:05:19,475 - ERROR - ['KOTAKBANK.NS']: Exception('%ticker%: No price data found, symbol may be delisted (period=1d)')
2026-01-02 04:05:19,475 - WARNING - No data returned for KOTAKBANK.NS
2026-01-02 04:05:19,475 - WARNING - No data to insert for KOTAKBANK.NS
2026-01-02 04:05:19,708 - ERROR - Failed to get ticker 'LT.NS' reason: Expecting value: line 1 column 1 (char 0)
2026-01-02 04:05:19,972 - ERROR - 
1 Failed download:
2026-01-02 04:05:19,972 - ERROR - ['LT.NS']: Exception('%ticker%: No price data found, symbol may be delisted (period=1d)')
2026-01-02 04:05:19,972 - WARNING - No data returned for LT.NS
2026-01-02 04:05:19,972 - WARNING - No data to insert for LT.NS
2026-01-02 04:05:21,080 - ERROR - Failed to get ticker 'AXISBANK.NS' reason: Expecting value: line 1 column 1 (char 0)
2026-01-02 04:05:21,346 - ERROR - 
1 Failed download:
2026-01-02 04:05:21,346 - ERROR - ['AXISBANK.NS']: Exception('%ticker%: No price data found, symbol may be delisted (period=1d)')
2026-01-02 04:05:21,346 - WARNING - No data returned for AXISBANK.NS
2026-01-02 04:05:21,346 - WARNING - No data to insert for AXISBANK.NS
2026-01-02 04:05:21,605 - ERROR - Failed to get ticker 'BAJFINANCE.NS' reason: Expecting value: line 1 column 1 (char 0)
2026-01-02 04:05:21,862 - ERROR - 
1 Failed download:
2026-01-02 04:05:21,863 - ERROR - ['BAJFINANCE.NS']: Exception('%ticker%: No price data found, symbol may be delisted (period=1d)')
2026-01-02 04:05:21,863 - WARNING - No data returned for BAJFINANCE.NS
2026-01-02 04:05:21,863 - WARNING - No data to insert for BAJFINANCE.NS
2026-01-02 04:05:22,120 - ERROR - Failed to get ticker 'ASIANPAINT.NS' reason: Expecting value: line 1 column 1 (char 0)
2026-01-02 04:05:22,382 - ERROR - 
1 Failed download:
2026-01-02 04:05:22,382 - ERROR - ['ASIANPAINT.NS']: Exception('%ticker%: No price data found, symbol may be delisted (period=1d)')
2026-01-02 04:05:22,382 - WARNING - No data returned for ASIANPAINT.NS
2026-01-02 04:05:22,382 - WARNING - No data to insert for ASIANPAINT.NS
2026-01-02 04:05:22,753 - ERROR - Failed to get ticker 'MARUTI.NS' reason: Expecting value: line 1 column 1 (char 0)
2026-01-02 04:05:23,010 - ERROR - 
1 Failed download:
2026-01-02 04:05:23,010 - ERROR - ['MARUTI.NS']: Exception('%ticker%: No price data found, symbol may be delisted (period=1d)')
2026-01-02 04:05:23,010 - WARNING - No data returned for MARUTI.NS
2026-01-02 04:05:23,010 - WARNING - No data to insert for MARUTI.NS
2026-01-02 04:05:23,266 - ERROR - Failed to get ticker 'SUNPHARMA.NS' reason: Expecting value: line 1 column 1 (char 0)
2026-01-02 04:05:23,536 - ERROR - 
1 Failed download:
2026-01-02 04:05:23,536 - ERROR - ['SUNPHARMA.NS']: Exception('%ticker%: No price data found, symbol may be delisted (period=1d)')
2026-01-02 04:05:23,536 - WARNING - No data returned for SUNPHARMA.NS
2026-01-02 04:05:23,536 - WARNING - No data to insert for SUNPHARMA.NS
2026-01-02 04:05:23,793 - ERROR - Failed to get ticker 'WIPRO.NS' reason: Expecting value: line 1 column 1 (char 0)
2026-01-02 04:05:24,052 - ERROR - 
1 Failed download:
2026-01-02 04:05:24,052 - ERROR - ['WIPRO.NS']: Exception('%ticker%: No price data found, symbol may be delisted (period=1d)')
2026-01-02 04:05:24,052 - WARNING - No data returned for WIPRO.NS
2026-01-02 04:05:24,052 - WARNING - No data to insert for WIPRO.NS
2026-01-02 04:05:24,284 - ERROR - Failed to get ticker 'POWERGRID.NS' reason: Expecting value: line 1 column 1 (char 0)
2026-01-02 04:05:24,577 - ERROR - 
1 Failed download:
2026-01-02 04:05:24,577 - ERROR - ['POWERGRID.NS']: Exception('%ticker%: No price data found, symbol may be delisted (period=1d)')
2026-01-02 04:05:24,578 - WARNING - No data returned for POWERGRID.NS
2026-01-02 04:05:24,578 - WARNING - No data to insert for POWERGRID.NS
2026-01-02 04:05:24,833 - ERROR - Failed to get ticker 'NTPC.NS' reason: Expecting value: line 1 column 1 (char 0)
2026-01-02 04:05:25,094 - ERROR - 
1 Failed download:
2026-01-02 04:05:25,094 - ERROR - ['NTPC.NS']: Exception('%ticker%: No price data found, symbol may be delisted (period=1d)')
2026-01-02 04:05:25,094 - WARNING - No data returned for NTPC.NS
2026-01-02 04:05:25,094 - WARNING - No data to insert for NTPC.NS
2026-01-02 04:05:25,346 - ERROR - Failed to get ticker 'ONGC.NS' reason: Expecting value: line 1 column 1 (char 0)
2026-01-02 04:05:25,631 - ERROR - 
1 Failed download:
2026-01-02 04:05:25,632 - ERROR - ['ONGC.NS']: Exception('%ticker%: No price data found, symbol may be delisted (period=1d)')
2026-01-02 04:05:25,632 - WARNING - No data returned for ONGC.NS
2026-01-02 04:05:25,632 - WARNING - No data to insert for ONGC.NS
2026-01-02 04:05:25,645 - INFO - Cycle complete. README updated.
2026-01-02 04:51:59,422 - INFO - Starting data fetch cycle...
2026-01-02 04:52:00,082 - ERROR - Failed to get ticker 'RELIANCE.NS' reason: Expecting value: line 1 column 1 (char 0)
2026-01-02 04:52:00,291 - ERROR - 
1 Failed download:
2026-01-02 04:52:00,292 - ERROR - ['RELIANCE.NS']: Exception('%ticker%: No price data found, symbol may be delisted (period=1d)')
2026-01-02 04:52:00,292 - WARNING - No data returned for RELIANCE.NS
2026-01-02 04:52:00,292 - WARNING - No data to insert for RELIANCE.NS
2026-01-02 04:52:00,519 - ERROR - Failed to get ticker 'HDFCBANK.NS' reason: Expecting value: line 1 column 1 (char 0)
2026-01-02 04:52:00,732 - ERROR - 
1 Failed download:
2026-01-02 04:52:00,732 - ERROR - ['HDFCBANK.NS']: Exception('%ticker%: No price data found, symbol may be delisted (period=1d)')
2026-01-02 04:52:00,732 - WARNING - No data returned for HDFCBANK.NS
2026-01-02 04:52:00,732 - WARNING - No data to insert for HDFCBANK.NS
2026-01-02 04:52:00,956 - ERROR - Failed to get ticker 'ICICIBANK.NS' reason: Expecting value: line 1 column 1 (char 0)
2026-01-02 04:52:01,167 - ERROR - 
1 Failed download:
2026-01-02 04:52:01,167 - ERROR - ['ICICIBANK.NS']: Exception('%ticker%: No price data found, symbol may be delisted (period=1d)')
2026-01-02 04:52:01,167 - WARNING - No data returned for ICICIBANK.NS
2026-01-02 04:52:01,167 - WARNING - No data to insert for ICICIBANK.NS
2026-01-02 04:52:01,373 - ERROR - Failed to get ticker 'INFY.NS' reason: Expecting value: line 1 column 1 (char 0)
2026-01-02 04:52:01,592 - ERROR - 
1 Failed download:
2026-01-02 04:52:01,592 - ERROR - ['INFY.NS']: Exception('%ticker%: No price data found, symbol may be delisted (period=1d)')
2026-01-02 04:52:01,592 - WARNING - No data returned for INFY.NS
2026-01-02 04:52:01,592 - WARNING - No data to insert for INFY.NS
2026-01-02 04:52:01,806 - ERROR - Failed to get ticker 'TCS.NS' reason: Expecting value: line 1 column 1 (char 0)
2026-01-02 04:52:02,030 - ERROR - 
1 Failed download:
2026-01-02 04:52:02,030 - ERROR - ['TCS.NS']: Exception('%ticker%: No price data found, symbol may be delisted (period=1d)')
2026-01-02 04:52:02,030 - WARNING - No data returned for TCS.NS
2026-01-02 04:52:02,030 - WARNING - No data to insert for TCS.NS
2026-01-02 04:52:02,221 - ERROR - Failed to get ticker 'ITC.NS' reason: Expecting value: line 1 column 1 (char 0)
2026-01-02 04:52:02,445 - ERROR - 
1 Failed download:
2026-01-02 04:52:02,445 - ERROR - ['ITC.NS']: Exception('%ticker%: No price data found, symbol may be delisted (period=1d)')
2026-01-02 04:52:02,445 - WARNING - No data returned for ITC.NS
2026-01-02 04:52:02,445 - WARNING - No data to insert for ITC.NS
2026-01-02 04:52:02,661 - ERROR - Failed to get ticker 'HINDUNILVR.NS' reason: Expecting value: line 1 column 1 (char 0)
2026-01-02 04:52:02,870 - ERROR - 
1 Failed download:
2026-01-02 04:52:02,870 - ERROR - ['HINDUNILVR.NS']: Exception('%ticker%: No price data found, symbol may be delisted (period=1d)')
2026-01-02 04:52:02,870 - WARNING - No data returned for HINDUNILVR.NS
2026-01-02 04:52:02,870 - WARNING - No data to insert for HINDUNILVR.NS
2026-01-02 04:52:03,195 - ERROR - Failed to get ticker 'SBIN.NS' reason: Expecting value: line 1 column 1 (char 0)
2026-01-02 04:52:03,426 - ERROR - 
1 Failed download:
2026-01-02 04:52:03,426 - ERROR - ['SBIN.NS']: Exception('%ticker%: No price data found, symbol may be delisted (period=1d)')
2026-01-02 04:52:03,426 - WARNING - No data returned for SBIN.NS
2026-01-02 04:52:03,426 - WARNING - No data to insert for SBIN.NS
2026-01-02 04:52:03,637 - ERROR - Failed to get ticker 'BHARTIARTL.NS' reason: Expecting value: line 1 column 1 (char 0)
2026-01-02 04:52:03,851 - ERROR - 
1 Failed download:
2026-01-02 04:52:03,851 - ERROR - ['BHARTIARTL.NS']: Exception('%ticker%: No price data found, symbol may be delisted (period=1d)')
2026-01-02 04:52:03,851 - WARNING - No data returned for BHARTIARTL.NS
2026-01-02 04:52:03,851 - WARNING - No data to insert for BHARTIARTL.NS
2026-01-02 04:52:04,058 - ERROR - Failed to get ticker 'KOTAKBANK.NS' reason: Expecting value: line 1 column 1 (char 0)
2026-01-02 04:52:04,266 - ERROR - 
1 Failed download:
2026-01-02 04:52:04,266 - ERROR - ['KOTAKBANK.NS']: Exception('%ticker%: No price data found, symbol may be delisted (period=1d)')
2026-01-02 04:52:04,266 - WARNING - No data returned for KOTAKBANK.NS
2026-01-02 04:52:04,266 - WARNING - No data to insert for KOTAKBANK.NS
2026-01-02 04:52:04,476 - ERROR - Failed to get ticker 'LT.NS' reason: Expecting value: line 1 column 1 (char 0)
2026-01-02 04:52:04,692 - ERROR - 
1 Failed download:
2026-01-02 04:52:04,692 - ERROR - ['LT.NS']: Exception('%ticker%: No price data found, symbol may be delisted (period=1d)')
2026-01-02 04:52:04,692 - WARNING - No data returned for LT.NS
2026-01-02 04:52:04,692 - WARNING - No data to insert for LT.NS
2026-01-02 04:52:04,911 - ERROR - Failed to get ticker 'AXISBANK.NS' reason: Expecting value: line 1 column 1 (char 0)
2026-01-02 04:52:05,120 - ERROR - 
1 Failed download:
2026-01-02 04:52:05,121 - ERROR - ['AXISBANK.NS']: Exception('%ticker%: No price data found, symbol may be delisted (period=1d)')
2026-01-02 04:52:05,121 - WARNING - No data returned for AXISBANK.NS
2026-01-02 04:52:05,121 - WARNING - No data to insert for AXISBANK.NS
2026-01-02 04:52:05,332 - ERROR - Failed to get ticker 'BAJFINANCE.NS' reason: Expecting value: line 1 column 1 (char 0)
2026-01-02 04:52:05,545 - ERROR - 
1 Failed download:
2026-01-02 04:52:05,545 - ERROR - ['BAJFINANCE.NS']: Exception('%ticker%: No price data found, symbol may be delisted (period=1d)')
2026-01-02 04:52:05,545 - WARNING - No data returned for BAJFINANCE.NS
2026-01-02 04:52:05,545 - WARNING - No data to insert for BAJFINANCE.NS
2026-01-02 04:52:05,755 - ERROR - Failed to get ticker 'ASIANPAINT.NS' reason: Expecting value: line 1 column 1 (char 0)
2026-01-02 04:52:05,974 - ERROR - 
1 Failed download:
2026-01-02 04:52:05,974 - ERROR - ['ASIANPAINT.NS']: Exception('%ticker%: No price data found, symbol may be delisted (period=1d)')
2026-01-02 04:52:05,974 - WARNING - No data returned for ASIANPAINT.NS
2026-01-02 04:52:05,974 - WARNING - No data to insert for ASIANPAINT.NS
2026-01-02 04:52:06,182 - ERROR - Failed to get ticker 'MARUTI.NS' reason: Expecting value: line 1 column 1 (char 0)
2026-01-02 04:52:06,400 - ERROR - 
1 Failed download:
2026-01-02 04:52:06,400 - ERROR - ['MARUTI.NS']: Exception('%ticker%: No price data found, symbol may be delisted (period=1d)')
2026-01-02 04:52:06,400 - WARNING - No data returned for MARUTI.NS
2026-01-02 04:52:06,400 - WARNING - No data to insert for MARUTI.NS
2026-01-02 04:52:06,609 - ERROR - Failed to get ticker 'SUNPHARMA.NS' reason: Expecting value: line 1 column 1 (char 0)
2026-01-02 04:52:06,824 - ERROR - 
1 Failed download:
2026-01-02 04:52:06,824 - ERROR - ['SUNPHARMA.NS']: Exception('%ticker%: No price data found, symbol may be delisted (period=1d)')
2026-01-02 04:52:06,824 - WARNING - No data returned for SUNPHARMA.NS
2026-01-02 04:52:06,824 - WARNING - No data to insert for SUNPHARMA.NS
2026-01-02 04:52:07,037 - ERROR - Failed to get ticker 'WIPRO.NS' reason: Expecting value: line 1 column 1 (char 0)
2026-01-02 04:52:07,251 - ERROR - 
1 Failed download:
2026-01-02 04:52:07,252 - ERROR - ['WIPRO.NS']: Exception('%ticker%: No price data found, symbol may be delisted (period=1d)')
2026-01-02 04:52:07,252 - WARNING - No data returned for WIPRO.NS
2026-01-02 04:52:07,252 - WARNING - No data to insert for WIPRO.NS
2026-01-02 04:52:07,461 - ERROR - Failed to get ticker 'POWERGRID.NS' reason: Expecting value: line 1 column 1 (char 0)
2026-01-02 04:52:07,680 - ERROR - 
1 Failed download:
2026-01-02 04:52:07,680 - ERROR - ['POWERGRID.NS']: Exception('%ticker%: No price data found, symbol may be delisted (period=1d)')
2026-01-02 04:52:07,680 - WARNING - No data returned for POWERGRID.NS
2026-01-02 04:52:07,680 - WARNING - No data to insert for POWERGRID.NS
2026-01-02 04:52:07,899 - ERROR - Failed to get ticker 'NTPC.NS' reason: Expecting value: line 1 column 1 (char 0)
2026-01-02 04:52:08,185 - ERROR - 
1 Failed download:
2026-01-02 04:52:08,185 - ERROR - ['NTPC.NS']: Exception('%ticker%: No price data found, symbol may be delisted (period=1d)')
2026-01-02 04:52:08,186 - WARNING - No data returned for NTPC.NS
2026-01-02 04:52:08,186 - WARNING - No data to insert for NTPC.NS
2026-01-02 04:52:08,393 - ERROR - Failed to get ticker 'ONGC.NS' reason: Expecting value: line 1 column 1 (char 0)
2026-01-02 04:52:08,601 - ERROR - 
1 Failed download:
2026-01-02 04:52:08,601 - ERROR - ['ONGC.NS']: Exception('%ticker%: No price data found, symbol may be delisted (period=1d)')
2026-01-02 04:52:08,601 - WARNING - No data returned for ONGC.NS
2026-01-02 04:52:08,601 - WARNING - No data to insert for ONGC.NS
2026-01-02 04:52:08,614 - INFO - Cycle complete. README updated.
